2026-06-18 16:38:19,289 [INFO] Connecting to AWS IAM Global Endpoint...
2026-06-18 16:39:42,793 [INFO] Connecting to AWS IAM Global Endpoint...
2026-06-18 16:40:50,991 [INFO] Connecting to AWS IAM Global Endpoint...
2026-06-18 16:40:52,015 [INFO] Comparing current environment against established baseline...
2026-06-18 16:41:25,876 [INFO] Connecting to AWS IAM Global Endpoint...
2026-06-18 16:41:26,889 [INFO] Comparing current environment against established baseline...
2026-06-19 16:37:34,590 [INFO] iam_scanner — ============================================================
2026-06-19 16:37:34,590 [INFO] iam_scanner — IAM Security Scanner — starting
2026-06-19 16:37:34,590 [INFO] iam_scanner — ============================================================
2026-06-19 16:37:34,590 [INFO] iam_scanner — Fetched 3 user records.
2026-06-19 16:37:34,598 [INFO] iam_scanner — Drift check: 0 new user(s) detected.
2026-06-19 16:37:34,600 [WARNING] iam_scanner — MFA disabled — user: admin_root, risk score: 75
2026-06-19 16:37:34,600 [WARNING] iam_scanner — Stale key — user: admin_root, age: 115 days, risk score: 68
2026-06-19 16:37:34,600 [WARNING] iam_scanner — MFA disabled — user: intern_dev01, risk score: 50
2026-06-19 16:37:34,600 [WARNING] iam_scanner — MFA disabled — user: stale_deployer, risk score: 50
2026-06-19 16:37:34,600 [WARNING] iam_scanner — Stale key — user: stale_deployer, age: 210 days, risk score: 99
2026-06-19 16:37:34,600 [INFO] iam_scanner — Posture scan: 5 misconfiguration(s) found.
2026-06-19 16:37:34,600 [INFO] iam_scanner — Total findings: 5
2026-06-19 16:37:34,603 [INFO] iam_scanner — Findings exported → C:\Users\Valent\aws-cloud-security-python-labs\project1_iam_auditor\reports\scan_results_2026-06-19_16-37-34.json
2026-06-19 16:37:34,603 [INFO] iam_scanner — Structured findings written to: C:\Users\Valent\aws-cloud-security-python-labs\project1_iam_auditor\reports\scan_results_2026-06-19_16-37-34.json
2026-06-19 16:37:47,890 [INFO] iam_scanner — AI summary generated successfully (1576 chars).
2026-06-19 16:37:47,892 [INFO] iam_scanner — Report saved → C:\Users\Valent\aws-cloud-security-python-labs\project1_iam_auditor\reports\incident_admin_root_2026-06-19_16-37-47_70a359.txt
2026-06-19 16:37:47,893 [INFO] iam_scanner — Report saved → C:\Users\Valent\aws-cloud-security-python-labs\project1_iam_auditor\reports\incident_stale_deployer_2026-06-19_16-37-47_741c2e.txt
2026-06-19 16:37:47,894 [INFO] iam_scanner — Baseline saved to C:\Users\Valent\aws-cloud-security-python-labs\project1_iam_auditor\state\baseline_iam.json
2026-06-19 16:37:47,894 [INFO] iam_scanner — Baseline updated with current snapshot.
2026-06-19 16:37:47,895 [INFO] iam_scanner — Scan complete.
